<?xml version="1.0" encoding="UTF-8"?>
<testng-results skipped="0" failed="0" total="1" passed="1">
  <reporter-output>
    <line>
      <![CDATA[No error found on login. Login is successful]]>
    </line>
  </reporter-output>
  <suite name="SmokeTest" duration-ms="10954" started-at="2016-10-10T22:17:45Z" finished-at="2016-10-10T22:17:56Z">
    <groups>
    </groups>
    <test name="HardDollar" duration-ms="10954" started-at="2016-10-10T22:17:45Z" finished-at="2016-10-10T22:17:56Z">
      <class name="test.hd.HDTest">
        <test-method status="PASS" signature="login(java.lang.String, java.lang.String, java.lang.String)[pri:0, instance:test.hd.HDTest@548a9f61]" name="login" is-config="true" duration-ms="10927" started-at="2016-10-10T15:17:45Z" finished-at="2016-10-10T15:17:56Z">
          <params>
            <param index="0">
              <value>
                <![CDATA[*chrome]]>
              </value>
            </param>
            <param index="1">
              <value>
                <![CDATA[yashu.dadheech@ineight.com]]>
              </value>
            </param>
            <param index="2">
              <value>
                <![CDATA[Intra123]]>
              </value>
            </param>
          </params>
          <reporter-output>
            <line>
              <![CDATA[No error found on login. Login is successful]]>
            </line>
          </reporter-output>
        </test-method> <!-- login -->
        <test-method status="PASS" signature="test()[pri:0, instance:test.hd.HDTest@548a9f61]" name="test" duration-ms="6" started-at="2016-10-10T15:17:56Z" finished-at="2016-10-10T15:17:56Z">
          <reporter-output>
          </reporter-output>
        </test-method> <!-- test -->
      </class> <!-- test.hd.HDTest -->
    </test> <!-- HardDollar -->
  </suite> <!-- SmokeTest -->
</testng-results>
